<?xml version="1.0" encoding="UTF-8"?>
<!-- Generated by org.testng.reporters.JUnitReportReporter -->
<testsuite hostname="DESKTOP-A38OF1V" failures="0" tests="4" name="api.test.UserTests" time="3.808" errors="0" timestamp="2023-07-21T14:09:06 EDT" skipped="0">
  <testcase classname="api.test.UserTests" name="testPostUser" time="3.086"/>
  <testcase classname="api.test.UserTests" name="testGetUserByName" time="0.210"/>
  <testcase classname="api.test.UserTests" name="testUpdateUser" time="0.339"/>
  <testcase classname="api.test.UserTests" name="testDeleteUser" time="0.173"/>
</testsuite> <!-- api.test.UserTests -->
