<?xml version="1.0" encoding="UTF-8"?>
<!-- Generated by org.testng.reporters.JUnitReportReporter -->
<testsuite hostname="DESKTOP-A38OF1V" failures="0" tests="4" name="api.test.UserTests" time="8.370" errors="0" timestamp="2023-07-21T16:05:42 EDT" skipped="0">
  <testcase classname="api.test.UserTests" name="testPostUser" time="7.546"/>
  <testcase classname="api.test.UserTests" name="testGetUserByName" time="0.268"/>
  <testcase classname="api.test.UserTests" name="testUpdateUser" time="0.371"/>
  <testcase classname="api.test.UserTests" name="testDeleteUser" time="0.185"/>
</testsuite> <!-- api.test.UserTests -->
